TN:
SF:script/DeployKipuBankV3.s.sol
DA:11,0
FN:11,DeployKipuBankV3.run
FNDA:0,DeployKipuBankV3.run
DA:12,0
DA:13,0
DA:14,0
DA:15,0
DA:17,0
DA:20,0
DA:21,0
DA:23,0
DA:24,0
DA:32,0
FNF:1
FNH:0
LF:11
LH:0
BRF:0
BRH:0
end_of_record
TN:
SF:src/KipuBankV3.sol
DA:132,8
FN:132,KipuBankV3.constructor
FNDA:8,KipuBankV3.constructor
DA:140,8
DA:141,0
BRDA:141,0,0,-
DA:143,8
DA:144,0
BRDA:144,1,0,-
DA:145,8
DA:146,8
DA:147,8
DA:149,8
DA:150,8
DA:151,8
DA:156,8
DA:157,8
DA:158,8
DA:159,8
DA:165,1
FN:165,KipuBankV3.reentrancyGuard
FNDA:1,KipuBankV3.reentrancyGuard
DA:166,1
BRDA:166,2,0,-
DA:167,1
DA:169,1
DA:176,1
FN:176,KipuBankV3.validWithdrawalAmount
FNDA:1,KipuBankV3.validWithdrawalAmount
DA:177,1
BRDA:177,3,0,-
DA:183,1
FN:183,KipuBankV3.nonZeroAmount
FNDA:1,KipuBankV3.nonZeroAmount
DA:184,1
BRDA:184,4,0,-
DA:197,0
FN:197,KipuBankV3.setFeeds
FNDA:0,KipuBankV3.setFeeds
DA:201,0
DA:202,0
DA:208,0
DA:215,1
FN:215,KipuBankV3.depositEth
FNDA:1,KipuBankV3.depositEth
DA:218,1
DA:220,1
DA:222,1
DA:223,0
BRDA:223,5,0,-
DA:225,1
DA:228,1
DA:229,1
DA:232,1
DA:241,8
FN:241,KipuBankV3.depositToken
FNDA:8,KipuBankV3.depositToken
DA:246,7
DA:248,6
DA:250,6
DA:252,6
DA:253,0
BRDA:253,6,0,-
DA:255,6
DA:258,6
DA:259,6
DA:261,6
DA:268,1
FN:268,KipuBankV3.withdrawUsdc
FNDA:1,KipuBankV3.withdrawUsdc
DA:271,1
DA:272,1
BRDA:272,7,0,-
DA:275,1
DA:276,1
DA:278,1
DA:279,1
DA:285,1
FN:285,KipuBankV3._setWithdrawalCount
FNDA:1,KipuBankV3._setWithdrawalCount
DA:286,1
DA:290,7
FN:290,KipuBankV3._setDepositCount
FNDA:7,KipuBankV3._setDepositCount
DA:291,7
DA:299,2
FN:299,KipuBankV3.getUserBalance
FNDA:2,KipuBankV3.getUserBalance
DA:302,2
DA:310,0
FN:310,KipuBankV3.getTokenPrice
FNDA:0,KipuBankV3.getTokenPrice
DA:313,0
DA:315,0
DA:318,0
FN:318,KipuBankV3.getEthPrice
FNDA:0,KipuBankV3.getEthPrice
DA:319,0
DA:328,6
FN:328,KipuBankV3._swapTokenToUsdc
FNDA:6,KipuBankV3._swapTokenToUsdc
DA:333,6
BRDA:333,8,0,-
DA:335,6
BRDA:335,9,0,5
DA:336,5
DA:340,1
DA:341,1
BRDA:341,10,0,1
DA:342,1
DA:348,1
DA:349,1
BRDA:349,11,0,-
BRDA:349,11,1,1
DA:350,0
DA:351,0
DA:352,0
DA:354,1
DA:355,1
DA:356,1
DA:357,1
DA:360,1
DA:368,1
DA:377,1
FN:377,KipuBankV3._swapEthToUsdc
FNDA:1,KipuBankV3._swapEthToUsdc
DA:381,1
BRDA:381,12,0,-
DA:383,1
DA:384,1
DA:385,1
DA:387,1
DA:391,1
DA:400,1
FN:400,KipuBankV3.previewDeposit
FNDA:1,KipuBankV3.previewDeposit
DA:404,1
BRDA:404,13,0,-
DA:406,1
BRDA:406,14,0,1
DA:407,1
DA:410,0
DA:411,0
BRDA:411,15,0,-
BRDA:411,15,1,-
DA:412,0
DA:413,0
DA:414,0
DA:416,0
DA:417,0
DA:418,0
DA:419,0
DA:422,0
DA:423,0
DA:427,1
FN:427,KipuBankV3.pause
FNDA:1,KipuBankV3.pause
DA:428,1
DA:432,1
FN:432,KipuBankV3.unpause
FNDA:1,KipuBankV3.unpause
DA:433,1
FNF:18
FNH:15
LF:108
LH:81
BRF:18
BRH:4
end_of_record
TN:
SF:src/mocks/Oracle.sol
DA:12,8
FN:12,Oracle.decimals
FNDA:8,Oracle.decimals
DA:13,8
DA:19,0
FN:19,Oracle.description
FNDA:0,Oracle.description
DA:20,0
DA:26,0
FN:26,Oracle.version
FNDA:0,Oracle.version
DA:27,0
DA:33,0
FN:33,Oracle.latestRoundData
FNDA:0,Oracle.latestRoundData
DA:44,0
DA:50,0
FN:50,Oracle.getRoundData
FNDA:0,Oracle.getRoundData
DA:63,0
FNF:5
FNH:1
LF:10
LH:2
BRF:0
BRH:0
end_of_record
